<?xml version="1.0" encoding="UTF-8"?>
<!-- Generated by org.testng.reporters.JUnitReportReporter -->
<testsuite skipped="0" hostname="CDC2-L-71731JB" name="myPack.MercuryScript" tests="1" failures="0" timestamp="22 Oct 2018 10:46:30 GMT" time="11.535" errors="0">
  <testcase name="Login" time="11.535" classname="myPack.MercuryScript"/>
</testsuite> <!-- myPack.MercuryScript -->
